<?xml version="1.0" encoding="UTF-8"?>
<!-- Generated by org.testng.reporters.JUnitXMLReporter -->
<testsuite ignored="0" hostname="IB-Pune-LAP-356" failures="0" tests="8" name="Test" time="520.645" errors="0" timestamp="2023-09-08T17:52:48 IST">
  <testcase classname="Pkg.Test.AddProductIntoCart" name="addToCartLogo" time="30.509"/>
  <testcase classname="Pkg.Test.AddProductIntoCart" name="deleteProductFromTheCart" time="43.272"/>
  <testcase classname="Pkg.Test.AddProductIntoCart" name="multipleVeriantsOfTheProduct" time="38.988"/>
  <testcase classname="Pkg.Test.AddProductIntoCart" name="paymentDetailsTC003" time="34.022"/>
  <testcase classname="Pkg.Test.AddProductIntoCart" name="productCartTC001" time="71.238"/>
  <testcase classname="Pkg.Test.AddProductIntoCart" name="productWithPackSize" time="88.686"/>
  <testcase classname="Pkg.Test.AddProductIntoCart" name="updateQuatity" time="40.873"/>
  <testcase classname="Pkg.Test.AddProductIntoCart" name="yourCartProductTC002" time="62.491"/>
</testsuite> <!-- Test -->
