<?xml version="1.0" encoding="UTF-8"?>
<testsuite xmlns:xsi="http://www.w3.org/2001/XMLSchema-instance" xsi:noNamespaceSchemaLocation="https://maven.apache.org/surefire/maven-surefire-plugin/xsd/surefire-test-report.xsd" name="TestSuite" time="522.953" tests="8" errors="0" skipped="0" failures="0">
  <properties>
[...]
</properties>
  <testcase name="addToCartLogo" classname="Pkg.Test.AddProductIntoCart" time="30.544"/>
  <testcase name="deleteProductFromTheCart" classname="Pkg.Test.AddProductIntoCart" time="43.305"/>
  <testcase name="multipleVeriantsOfTheProduct" classname="Pkg.Test.AddProductIntoCart" time="38.995"/>
  <testcase name="paymentDetailsTC003" classname="Pkg.Test.AddProductIntoCart" time="34.268"/>
  <testcase name="productCartTC001" classname="Pkg.Test.AddProductIntoCart" time="71.248"/>
  <testcase name="productWithPackSize" classname="Pkg.Test.AddProductIntoCart" time="88.71"/>
  <testcase name="updateQuatity" classname="Pkg.Test.AddProductIntoCart" time="40.879"/>
  <testcase name="yourCartProductTC002" classname="Pkg.Test.AddProductIntoCart" time="62.503"/>
</testsuite>