<?xml version="1.0" encoding="UTF-8"?>
<testng-results ignored="4" total="19" passed="13" failed="2" skipped="0">
  <reporter-output>
  </reporter-output>
  <suite started-at="2023-09-11T09:06:52 IST" name="Suite" finished-at="2023-09-11T09:21:28 IST" duration-ms="875880">
    <groups>
      <group name="Regression">
        <method signature="AddProductIntoCart.addToCartLogo()[pri:0, instance:Pkg.Test.AddProductIntoCart@27c04377]" name="addToCartLogo" class="Pkg.Test.AddProductIntoCart"/>
        <method signature="AddProductIntoCart.deleteProductFromTheCart()[pri:0, instance:Pkg.Test.AddProductIntoCart@27c04377]" name="deleteProductFromTheCart" class="Pkg.Test.AddProductIntoCart"/>
        <method signature="AddProductIntoCart.multipleVeriantsOfTheProduct()[pri:0, instance:Pkg.Test.AddProductIntoCart@27c04377]" name="multipleVeriantsOfTheProduct" class="Pkg.Test.AddProductIntoCart"/>
        <method signature="AddProductIntoCart.paymentDetailsTC003()[pri:0, instance:Pkg.Test.AddProductIntoCart@27c04377]" name="paymentDetailsTC003" class="Pkg.Test.AddProductIntoCart"/>
        <method signature="AddProductIntoCart.productCartTC001()[pri:0, instance:Pkg.Test.AddProductIntoCart@27c04377]" name="productCartTC001" class="Pkg.Test.AddProductIntoCart"/>
        <method signature="AddProductIntoCart.productWithPackSize()[pri:0, instance:Pkg.Test.AddProductIntoCart@27c04377]" name="productWithPackSize" class="Pkg.Test.AddProductIntoCart"/>
        <method signature="AddProductIntoCart.updateQuatity()[pri:0, instance:Pkg.Test.AddProductIntoCart@27c04377]" name="updateQuatity" class="Pkg.Test.AddProductIntoCart"/>
        <method signature="AddProductIntoCart.yourCartProductTC002()[pri:0, instance:Pkg.Test.AddProductIntoCart@27c04377]" name="yourCartProductTC002" class="Pkg.Test.AddProductIntoCart"/>
        <method signature="LoginTest.homePageTestCaseTC002()[pri:0, instance:Pkg.Test.LoginTest@34dc85a]" name="homePageTestCaseTC002" class="Pkg.Test.LoginTest"/>
        <method signature="LoginTest.loginTestCaseTC001()[pri:0, instance:Pkg.Test.LoginTest@34dc85a]" name="loginTestCaseTC001" class="Pkg.Test.LoginTest"/>
        <method signature="RegisterUser.fiveHundredPoints()[pri:0, instance:Pkg.Test.RegisterUser@7c6442c2]" name="fiveHundredPoints" class="Pkg.Test.RegisterUser"/>
        <method signature="RegisterUser.hundredPoints()[pri:0, instance:Pkg.Test.RegisterUser@7c6442c2]" name="hundredPoints" class="Pkg.Test.RegisterUser"/>
        <method signature="RegisterUser.loginTestAfterActiveAccount()[pri:0, instance:Pkg.Test.RegisterUser@7c6442c2]" name="loginTestAfterActiveAccount" class="Pkg.Test.RegisterUser"/>
        <method signature="RegisterUser.myAccountProfile()[pri:0, instance:Pkg.Test.RegisterUser@7c6442c2]" name="myAccountProfile" class="Pkg.Test.RegisterUser"/>
        <method signature="RegisterUser.sixHundredPoints()[pri:0, instance:Pkg.Test.RegisterUser@7c6442c2]" name="sixHundredPoints" class="Pkg.Test.RegisterUser"/>
      </group> <!-- Regression -->
      <group name="Smoke">
        <method signature="AddProductIntoCart.productCartTC001()[pri:0, instance:Pkg.Test.AddProductIntoCart@27c04377]" name="productCartTC001" class="Pkg.Test.AddProductIntoCart"/>
        <method signature="LoginTest.homePageTestCaseTC002()[pri:0, instance:Pkg.Test.LoginTest@34dc85a]" name="homePageTestCaseTC002" class="Pkg.Test.LoginTest"/>
        <method signature="RegisterUser.sixHundredPoints()[pri:0, instance:Pkg.Test.RegisterUser@7c6442c2]" name="sixHundredPoints" class="Pkg.Test.RegisterUser"/>
      </group> <!-- Smoke -->
    </groups>
    <test started-at="2023-09-11T09:06:52 IST" name="Test" finished-at="2023-09-11T09:21:28 IST" duration-ms="875880">
      <class name="Pkg.Test.RegisterUser">
        <test-method is-config="true" signature="beforeTest()[pri:0, instance:Pkg.Test.RegisterUser@7c6442c2]" started-at="2023-09-11T09:06:52 IST" name="beforeTest" finished-at="2023-09-11T09:06:53 IST" duration-ms="794" status="PASS">
          <reporter-output>
          </reporter-output>
        </test-method> <!-- beforeTest -->
        <test-method is-config="true" signature="beforeClass()[pri:0, instance:Pkg.Test.RegisterUser@7c6442c2]" started-at="2023-09-11T09:06:53 IST" name="beforeClass" finished-at="2023-09-11T09:06:54 IST" duration-ms="734" status="PASS">
          <reporter-output>
          </reporter-output>
        </test-method> <!-- beforeClass -->
        <test-method is-config="true" signature="beforeMethod(java.lang.String)[pri:0, instance:Pkg.Test.RegisterUser@7c6442c2]" started-at="2023-09-11T09:06:54 IST" name="beforeMethod" finished-at="2023-09-11T09:07:07 IST" duration-ms="12436" status="PASS">
          <params>
            <param index="0">
              <value>
                <![CDATA[1]]>
              </value>
            </param>
          </params>
          <reporter-output>
          </reporter-output>
        </test-method> <!-- beforeMethod -->
        <test-method signature="fiveHundredPoints()[pri:0, instance:Pkg.Test.RegisterUser@7c6442c2]" started-at="2023-09-11T09:07:07 IST" name="fiveHundredPoints" description="Verify that the user should be able to see the 500 points credited after updating their profile." finished-at="2023-09-11T09:08:31 IST" duration-ms="84367" status="PASS">
          <reporter-output>
          </reporter-output>
        </test-method> <!-- fiveHundredPoints -->
        <test-method is-config="true" signature="closeWindow(org.testng.ITestResult)[pri:0, instance:Pkg.Test.RegisterUser@7c6442c2]" started-at="2023-09-11T09:08:31 IST" name="closeWindow" finished-at="2023-09-11T09:08:33 IST" duration-ms="2171" status="PASS">
          <params>
            <param index="0">
              <value>
                <![CDATA[[TestResult name=fiveHundredPoints status=SUCCESS method=RegisterUser.fiveHundredPoints()[pri:0, instance:Pkg.Test.RegisterUser@7c6442c2] output={null}]]]>
              </value>
            </param>
          </params>
          <reporter-output>
          </reporter-output>
        </test-method> <!-- closeWindow -->
        <test-method is-config="true" signature="beforeMethod(java.lang.String)[pri:0, instance:Pkg.Test.RegisterUser@7c6442c2]" started-at="2023-09-11T09:08:33 IST" name="beforeMethod" finished-at="2023-09-11T09:08:41 IST" duration-ms="7964" status="PASS">
          <params>
            <param index="0">
              <value>
                <![CDATA[1]]>
              </value>
            </param>
          </params>
          <reporter-output>
          </reporter-output>
        </test-method> <!-- beforeMethod -->
        <test-method signature="hundredPoints()[pri:0, instance:Pkg.Test.RegisterUser@7c6442c2]" started-at="2023-09-11T09:08:41 IST" name="hundredPoints" description="Verify that the user is able to see the &#039;100&#039; points credited message after activating their account" finished-at="2023-09-11T09:09:31 IST" duration-ms="49510" status="PASS">
          <reporter-output>
          </reporter-output>
        </test-method> <!-- hundredPoints -->
        <test-method is-config="true" signature="closeWindow(org.testng.ITestResult)[pri:0, instance:Pkg.Test.RegisterUser@7c6442c2]" started-at="2023-09-11T09:09:31 IST" name="closeWindow" finished-at="2023-09-11T09:09:33 IST" duration-ms="1846" status="PASS">
          <params>
            <param index="0">
              <value>
                <![CDATA[[TestResult name=hundredPoints status=SUCCESS method=RegisterUser.hundredPoints()[pri:0, instance:Pkg.Test.RegisterUser@7c6442c2] output={null}]]]>
              </value>
            </param>
          </params>
          <reporter-output>
          </reporter-output>
        </test-method> <!-- closeWindow -->
        <test-method is-config="true" signature="beforeMethod(java.lang.String)[pri:0, instance:Pkg.Test.RegisterUser@7c6442c2]" started-at="2023-09-11T09:09:33 IST" name="beforeMethod" finished-at="2023-09-11T09:09:43 IST" duration-ms="10210" status="PASS">
          <params>
            <param index="0">
              <value>
                <![CDATA[1]]>
              </value>
            </param>
          </params>
          <reporter-output>
          </reporter-output>
        </test-method> <!-- beforeMethod -->
        <test-method signature="loginTestAfterActiveAccount()[pri:0, instance:Pkg.Test.RegisterUser@7c6442c2]" started-at="2023-09-11T09:09:43 IST" name="loginTestAfterActiveAccount" description="Verify that user able to navigate to login page after the active account" finished-at="2023-09-11T09:10:39 IST" duration-ms="55921" status="PASS">
          <reporter-output>
          </reporter-output>
        </test-method> <!-- loginTestAfterActiveAccount -->
        <test-method is-config="true" signature="closeWindow(org.testng.ITestResult)[pri:0, instance:Pkg.Test.RegisterUser@7c6442c2]" started-at="2023-09-11T09:10:39 IST" name="closeWindow" finished-at="2023-09-11T09:10:40 IST" duration-ms="1321" status="PASS">
          <params>
            <param index="0">
              <value>
                <![CDATA[[TestResult name=loginTestAfterActiveAccount status=SUCCESS method=RegisterUser.loginTestAfterActiveAccount()[pri:0, instance:Pkg.Test.RegisterUser@7c6442c2] output={null}]]]>
              </value>
            </param>
          </params>
          <reporter-output>
          </reporter-output>
        </test-method> <!-- closeWindow -->
        <test-method is-config="true" signature="beforeMethod(java.lang.String)[pri:0, instance:Pkg.Test.RegisterUser@7c6442c2]" started-at="2023-09-11T09:10:40 IST" name="beforeMethod" finished-at="2023-09-11T09:10:50 IST" duration-ms="9592" status="PASS">
          <params>
            <param index="0">
              <value>
                <![CDATA[1]]>
              </value>
            </param>
          </params>
          <reporter-output>
          </reporter-output>
        </test-method> <!-- beforeMethod -->
        <test-method signature="myAccountProfile()[pri:0, instance:Pkg.Test.RegisterUser@7c6442c2]" started-at="2023-09-11T09:10:50 IST" name="myAccountProfile" description="Verify that the user is able to see &#039;MY ACCOUNT&#039; after clicking on the player profile" finished-at="2023-09-11T09:11:45 IST" duration-ms="55204" status="PASS">
          <reporter-output>
          </reporter-output>
        </test-method> <!-- myAccountProfile -->
        <test-method is-config="true" signature="closeWindow(org.testng.ITestResult)[pri:0, instance:Pkg.Test.RegisterUser@7c6442c2]" started-at="2023-09-11T09:11:45 IST" name="closeWindow" finished-at="2023-09-11T09:11:46 IST" duration-ms="1297" status="PASS">
          <params>
            <param index="0">
              <value>
                <![CDATA[[TestResult name=myAccountProfile status=SUCCESS method=RegisterUser.myAccountProfile()[pri:0, instance:Pkg.Test.RegisterUser@7c6442c2] output={null}]]]>
              </value>
            </param>
          </params>
          <reporter-output>
          </reporter-output>
        </test-method> <!-- closeWindow -->
        <test-method is-config="true" signature="beforeMethod(java.lang.String)[pri:0, instance:Pkg.Test.RegisterUser@7c6442c2]" started-at="2023-09-11T09:11:46 IST" name="beforeMethod" finished-at="2023-09-11T09:12:30 IST" duration-ms="43266" status="PASS">
          <params>
            <param index="0">
              <value>
                <![CDATA[1]]>
              </value>
            </param>
          </params>
          <reporter-output>
          </reporter-output>
        </test-method> <!-- beforeMethod -->
        <test-method signature="sixHundredPoints()[pri:0, instance:Pkg.Test.RegisterUser@7c6442c2]" started-at="2023-09-11T09:12:30 IST" name="sixHundredPoints" description="Verify that the user is able to see the &#039;600&#039; points credited after clicking on the profile." finished-at="2023-09-11T09:13:56 IST" duration-ms="85780" status="PASS">
          <reporter-output>
          </reporter-output>
        </test-method> <!-- sixHundredPoints -->
        <test-method is-config="true" signature="closeWindow(org.testng.ITestResult)[pri:0, instance:Pkg.Test.RegisterUser@7c6442c2]" started-at="2023-09-11T09:13:56 IST" name="closeWindow" finished-at="2023-09-11T09:13:57 IST" duration-ms="1487" status="PASS">
          <params>
            <param index="0">
              <value>
                <![CDATA[[TestResult name=sixHundredPoints status=SUCCESS method=RegisterUser.sixHundredPoints()[pri:0, instance:Pkg.Test.RegisterUser@7c6442c2] output={null}]]]>
              </value>
            </param>
          </params>
          <reporter-output>
          </reporter-output>
        </test-method> <!-- closeWindow -->
        <test-method is-config="true" signature="logout()[pri:0, instance:Pkg.Test.RegisterUser@7c6442c2]" started-at="2023-09-11T09:13:57 IST" name="logout" finished-at="2023-09-11T09:13:57 IST" duration-ms="2" status="PASS">
          <reporter-output>
          </reporter-output>
        </test-method> <!-- logout -->
        <test-method is-config="true" signature="tearDown()[pri:0, instance:Pkg.Test.RegisterUser@7c6442c2]" started-at="2023-09-11T09:21:28 IST" name="tearDown" finished-at="2023-09-11T09:21:28 IST" duration-ms="84" status="PASS">
          <reporter-output>
          </reporter-output>
        </test-method> <!-- tearDown -->
      </class> <!-- Pkg.Test.RegisterUser -->
      <class name="Pkg.Test.LoginTest">
        <test-method is-config="true" signature="beforeClass()[pri:0, instance:Pkg.Test.LoginTest@34dc85a]" started-at="2023-09-11T09:20:42 IST" name="beforeClass" finished-at="2023-09-11T09:20:43 IST" duration-ms="6" status="PASS">
          <reporter-output>
          </reporter-output>
        </test-method> <!-- beforeClass -->
        <test-method is-config="true" signature="beforeMethod(java.lang.String)[pri:0, instance:Pkg.Test.LoginTest@34dc85a]" started-at="2023-09-11T09:20:43 IST" name="beforeMethod" finished-at="2023-09-11T09:20:53 IST" duration-ms="10594" status="PASS">
          <params>
            <param index="0">
              <value>
                <![CDATA[1]]>
              </value>
            </param>
          </params>
          <reporter-output>
          </reporter-output>
        </test-method> <!-- beforeMethod -->
        <test-method signature="homePageTestCaseTC002()[pri:0, instance:Pkg.Test.LoginTest@34dc85a]" started-at="2023-09-11T09:20:53 IST" name="homePageTestCaseTC002" description="Verify that when a user logs into the system for the first time, the user should be navigated to the dashboard page" finished-at="2023-09-11T09:21:11 IST" duration-ms="17862" status="PASS">
          <reporter-output>
          </reporter-output>
        </test-method> <!-- homePageTestCaseTC002 -->
        <test-method is-config="true" signature="closeWindow(org.testng.ITestResult)[pri:0, instance:Pkg.Test.LoginTest@34dc85a]" started-at="2023-09-11T09:21:11 IST" name="closeWindow" finished-at="2023-09-11T09:21:12 IST" duration-ms="894" status="PASS">
          <params>
            <param index="0">
              <value>
                <![CDATA[[TestResult name=homePageTestCaseTC002 status=SUCCESS method=LoginTest.homePageTestCaseTC002()[pri:0, instance:Pkg.Test.LoginTest@34dc85a] output={null}]]]>
              </value>
            </param>
          </params>
          <reporter-output>
          </reporter-output>
        </test-method> <!-- closeWindow -->
        <test-method is-config="true" signature="beforeMethod(java.lang.String)[pri:0, instance:Pkg.Test.LoginTest@34dc85a]" started-at="2023-09-11T09:21:12 IST" name="beforeMethod" finished-at="2023-09-11T09:21:24 IST" duration-ms="11701" status="PASS">
          <params>
            <param index="0">
              <value>
                <![CDATA[1]]>
              </value>
            </param>
          </params>
          <reporter-output>
          </reporter-output>
        </test-method> <!-- beforeMethod -->
        <test-method signature="loginTestCaseTC001()[pri:0, instance:Pkg.Test.LoginTest@34dc85a]" started-at="2023-09-11T09:21:24 IST" name="loginTestCaseTC001" description="Verify that the user should be able to log into the system" finished-at="2023-09-11T09:21:27 IST" duration-ms="3125" status="FAIL">
          <exception class="java.lang.AssertionError">
            <message>
              <![CDATA[expected [Sign in with your email] but found [Sign in with your email address]]]>
            </message>
            <full-stacktrace>
              <![CDATA[java.lang.AssertionError: expected [Sign in with your email] but found [Sign in with your email address]
at org.testng.Assert.fail(Assert.java:110)
at org.testng.Assert.failNotEquals(Assert.java:1577)
at org.testng.Assert.assertEqualsImpl(Assert.java:149)
at org.testng.Assert.assertEquals(Assert.java:131)
at org.testng.Assert.assertEquals(Assert.java:655)
at org.testng.Assert.assertEquals(Assert.java:665)
at Pkg.Test.LoginTest.loginTestCaseTC001(LoginTest.java:14)
at java.base/jdk.internal.reflect.NativeMethodAccessorImpl.invoke0(Native Method)
at java.base/jdk.internal.reflect.NativeMethodAccessorImpl.invoke(NativeMethodAccessorImpl.java:77)
at java.base/jdk.internal.reflect.DelegatingMethodAccessorImpl.invoke(DelegatingMethodAccessorImpl.java:43)
at java.base/java.lang.reflect.Method.invoke(Method.java:568)
at org.testng.internal.invokers.MethodInvocationHelper.invokeMethod(MethodInvocationHelper.java:139)
at org.testng.internal.invokers.TestInvoker.invokeMethod(TestInvoker.java:677)
at org.testng.internal.invokers.TestInvoker.invokeTestMethod(TestInvoker.java:221)
at org.testng.internal.invokers.MethodRunner.runInSequence(MethodRunner.java:50)
at org.testng.internal.invokers.TestInvoker$MethodInvocationAgent.invoke(TestInvoker.java:969)
at org.testng.internal.invokers.TestInvoker.invokeTestMethods(TestInvoker.java:194)
at org.testng.internal.invokers.TestMethodWorker.invokeTestMethods(TestMethodWorker.java:148)
at org.testng.internal.invokers.TestMethodWorker.run(TestMethodWorker.java:128)
at java.base/java.util.ArrayList.forEach(ArrayList.java:1511)
at org.testng.TestRunner.privateRun(TestRunner.java:829)
at org.testng.TestRunner.run(TestRunner.java:602)
at org.testng.SuiteRunner.runTest(SuiteRunner.java:437)
at org.testng.SuiteRunner.runSequentially(SuiteRunner.java:431)
at org.testng.SuiteRunner.privateRun(SuiteRunner.java:391)
at org.testng.SuiteRunner.run(SuiteRunner.java:330)
at org.testng.SuiteRunnerWorker.runSuite(SuiteRunnerWorker.java:52)
at org.testng.SuiteRunnerWorker.run(SuiteRunnerWorker.java:95)
at org.testng.TestNG.runSuitesSequentially(TestNG.java:1256)
at org.testng.TestNG.runSuitesLocally(TestNG.java:1176)
at org.testng.TestNG.runSuites(TestNG.java:1099)
at org.testng.TestNG.run(TestNG.java:1067)
at org.testng.remote.AbstractRemoteTestNG.run(AbstractRemoteTestNG.java:115)
at org.testng.remote.RemoteTestNG.initAndRun(RemoteTestNG.java:251)
at org.testng.remote.RemoteTestNG.main(RemoteTestNG.java:77)
]]>
            </full-stacktrace>
          </exception> <!-- java.lang.AssertionError -->
          <reporter-output>
          </reporter-output>
        </test-method> <!-- loginTestCaseTC001 -->
        <test-method is-config="true" signature="closeWindow(org.testng.ITestResult)[pri:0, instance:Pkg.Test.LoginTest@34dc85a]" started-at="2023-09-11T09:21:27 IST" name="closeWindow" finished-at="2023-09-11T09:21:28 IST" duration-ms="982" status="PASS">
          <params>
            <param index="0">
              <value>
                <![CDATA[[TestResult name=loginTestCaseTC001 status=FAILURE method=LoginTest.loginTestCaseTC001()[pri:0, instance:Pkg.Test.LoginTest@34dc85a] output={null}]]]>
              </value>
            </param>
          </params>
          <reporter-output>
          </reporter-output>
        </test-method> <!-- closeWindow -->
        <test-method is-config="true" signature="logout()[pri:0, instance:Pkg.Test.LoginTest@34dc85a]" started-at="2023-09-11T09:21:28 IST" name="logout" finished-at="2023-09-11T09:21:28 IST" duration-ms="0" status="PASS">
          <reporter-output>
          </reporter-output>
        </test-method> <!-- logout -->
      </class> <!-- Pkg.Test.LoginTest -->
      <class name="Pkg.Test.AddProductIntoCart">
        <test-method is-config="true" signature="beforeClass()[pri:0, instance:Pkg.Test.AddProductIntoCart@27c04377]" started-at="2023-09-11T09:13:57 IST" name="beforeClass" finished-at="2023-09-11T09:13:57 IST" duration-ms="5" status="PASS">
          <reporter-output>
          </reporter-output>
        </test-method> <!-- beforeClass -->
        <test-method is-config="true" signature="beforeMethod(java.lang.String)[pri:0, instance:Pkg.Test.AddProductIntoCart@27c04377]" started-at="2023-09-11T09:13:57 IST" name="beforeMethod" finished-at="2023-09-11T09:14:05 IST" duration-ms="8326" status="PASS">
          <params>
            <param index="0">
              <value>
                <![CDATA[1]]>
              </value>
            </param>
          </params>
          <reporter-output>
          </reporter-output>
        </test-method> <!-- beforeMethod -->
        <test-method signature="addToCartLogo()[pri:0, instance:Pkg.Test.AddProductIntoCart@27c04377]" started-at="2023-09-11T09:14:05 IST" name="addToCartLogo" description="Verify that the user is able to add the product to the cart by using the &#039;Add to Cart&#039; button." finished-at="2023-09-11T09:14:34 IST" duration-ms="28888" status="PASS">
          <reporter-output>
          </reporter-output>
        </test-method> <!-- addToCartLogo -->
        <test-method is-config="true" signature="closeWindow(org.testng.ITestResult)[pri:0, instance:Pkg.Test.AddProductIntoCart@27c04377]" started-at="2023-09-11T09:14:34 IST" name="closeWindow" finished-at="2023-09-11T09:14:35 IST" duration-ms="1027" status="PASS">
          <params>
            <param index="0">
              <value>
                <![CDATA[[TestResult name=addToCartLogo status=SUCCESS method=AddProductIntoCart.addToCartLogo()[pri:0, instance:Pkg.Test.AddProductIntoCart@27c04377] output={null}]]]>
              </value>
            </param>
          </params>
          <reporter-output>
          </reporter-output>
        </test-method> <!-- closeWindow -->
        <test-method is-config="true" signature="beforeMethod(java.lang.String)[pri:0, instance:Pkg.Test.AddProductIntoCart@27c04377]" started-at="2023-09-11T09:14:35 IST" name="beforeMethod" finished-at="2023-09-11T09:14:48 IST" duration-ms="12611" status="PASS">
          <params>
            <param index="0">
              <value>
                <![CDATA[1]]>
              </value>
            </param>
          </params>
          <reporter-output>
          </reporter-output>
        </test-method> <!-- beforeMethod -->
        <test-method signature="deleteProductFromTheCart()[pri:0, instance:Pkg.Test.AddProductIntoCart@27c04377]" started-at="2023-09-11T09:14:48 IST" name="deleteProductFromTheCart" description="Verify that the user should be able to delete the product from the cart." finished-at="2023-09-11T09:15:25 IST" duration-ms="36677" status="PASS">
          <reporter-output>
          </reporter-output>
        </test-method> <!-- deleteProductFromTheCart -->
        <test-method is-config="true" signature="closeWindow(org.testng.ITestResult)[pri:0, instance:Pkg.Test.AddProductIntoCart@27c04377]" started-at="2023-09-11T09:15:25 IST" name="closeWindow" finished-at="2023-09-11T09:15:25 IST" duration-ms="913" status="PASS">
          <params>
            <param index="0">
              <value>
                <![CDATA[[TestResult name=deleteProductFromTheCart status=SUCCESS method=AddProductIntoCart.deleteProductFromTheCart()[pri:0, instance:Pkg.Test.AddProductIntoCart@27c04377] output={null}]]]>
              </value>
            </param>
          </params>
          <reporter-output>
          </reporter-output>
        </test-method> <!-- closeWindow -->
        <test-method is-config="true" signature="beforeMethod(java.lang.String)[pri:0, instance:Pkg.Test.AddProductIntoCart@27c04377]" started-at="2023-09-11T09:15:26 IST" name="beforeMethod" finished-at="2023-09-11T09:15:41 IST" duration-ms="15792" status="PASS">
          <params>
            <param index="0">
              <value>
                <![CDATA[1]]>
              </value>
            </param>
          </params>
          <reporter-output>
          </reporter-output>
        </test-method> <!-- beforeMethod -->
        <test-method signature="multipleVeriantsOfTheProduct()[pri:0, instance:Pkg.Test.AddProductIntoCart@27c04377]" started-at="2023-09-11T09:15:41 IST" name="multipleVeriantsOfTheProduct" description="Verify that the user should be able to select multiple variants of the product and add them to the cart." finished-at="2023-09-11T09:16:18 IST" duration-ms="36230" status="FAIL">
          <exception class="java.lang.AssertionError">
            <message>
              <![CDATA[expected [D'ADDARIO PL009-5 PLAIN STEEL GUITAR SINGLE STRING, .009, 5-PACK] but found [null]]]>
            </message>
            <full-stacktrace>
              <![CDATA[java.lang.AssertionError: expected [D'ADDARIO PL009-5 PLAIN STEEL GUITAR SINGLE STRING, .009, 5-PACK] but found [null]
at org.testng.Assert.fail(Assert.java:110)
at org.testng.Assert.failNotEquals(Assert.java:1577)
at org.testng.Assert.assertEqualsImpl(Assert.java:149)
at org.testng.Assert.assertEquals(Assert.java:131)
at org.testng.Assert.assertEquals(Assert.java:655)
at org.testng.Assert.assertEquals(Assert.java:665)
at Pkg.Test.AddProductIntoCart.multipleVeriantsOfTheProduct(AddProductIntoCart.java:98)
at java.base/jdk.internal.reflect.NativeMethodAccessorImpl.invoke0(Native Method)
at java.base/jdk.internal.reflect.NativeMethodAccessorImpl.invoke(NativeMethodAccessorImpl.java:77)
at java.base/jdk.internal.reflect.DelegatingMethodAccessorImpl.invoke(DelegatingMethodAccessorImpl.java:43)
at java.base/java.lang.reflect.Method.invoke(Method.java:568)
at org.testng.internal.invokers.MethodInvocationHelper.invokeMethod(MethodInvocationHelper.java:139)
at org.testng.internal.invokers.TestInvoker.invokeMethod(TestInvoker.java:677)
at org.testng.internal.invokers.TestInvoker.invokeTestMethod(TestInvoker.java:221)
at org.testng.internal.invokers.MethodRunner.runInSequence(MethodRunner.java:50)
at org.testng.internal.invokers.TestInvoker$MethodInvocationAgent.invoke(TestInvoker.java:969)
at org.testng.internal.invokers.TestInvoker.invokeTestMethods(TestInvoker.java:194)
at org.testng.internal.invokers.TestMethodWorker.invokeTestMethods(TestMethodWorker.java:148)
at org.testng.internal.invokers.TestMethodWorker.run(TestMethodWorker.java:128)
at java.base/java.util.ArrayList.forEach(ArrayList.java:1511)
at org.testng.TestRunner.privateRun(TestRunner.java:829)
at org.testng.TestRunner.run(TestRunner.java:602)
at org.testng.SuiteRunner.runTest(SuiteRunner.java:437)
at org.testng.SuiteRunner.runSequentially(SuiteRunner.java:431)
at org.testng.SuiteRunner.privateRun(SuiteRunner.java:391)
at org.testng.SuiteRunner.run(SuiteRunner.java:330)
at org.testng.SuiteRunnerWorker.runSuite(SuiteRunnerWorker.java:52)
at org.testng.SuiteRunnerWorker.run(SuiteRunnerWorker.java:95)
at org.testng.TestNG.runSuitesSequentially(TestNG.java:1256)
at org.testng.TestNG.runSuitesLocally(TestNG.java:1176)
at org.testng.TestNG.runSuites(TestNG.java:1099)
at org.testng.TestNG.run(TestNG.java:1067)
at org.testng.remote.AbstractRemoteTestNG.run(AbstractRemoteTestNG.java:115)
at org.testng.remote.RemoteTestNG.initAndRun(RemoteTestNG.java:251)
at org.testng.remote.RemoteTestNG.main(RemoteTestNG.java:77)
]]>
            </full-stacktrace>
          </exception> <!-- java.lang.AssertionError -->
          <reporter-output>
          </reporter-output>
        </test-method> <!-- multipleVeriantsOfTheProduct -->
        <test-method is-config="true" signature="closeWindow(org.testng.ITestResult)[pri:0, instance:Pkg.Test.AddProductIntoCart@27c04377]" started-at="2023-09-11T09:16:18 IST" name="closeWindow" finished-at="2023-09-11T09:16:19 IST" duration-ms="1104" status="PASS">
          <params>
            <param index="0">
              <value>
                <![CDATA[[TestResult name=multipleVeriantsOfTheProduct status=FAILURE method=AddProductIntoCart.multipleVeriantsOfTheProduct()[pri:0, instance:Pkg.Test.AddProductIntoCart@27c04377] output={null}]]]>
              </value>
            </param>
          </params>
          <reporter-output>
          </reporter-output>
        </test-method> <!-- closeWindow -->
        <test-method is-config="true" signature="beforeMethod(java.lang.String)[pri:0, instance:Pkg.Test.AddProductIntoCart@27c04377]" started-at="2023-09-11T09:16:19 IST" name="beforeMethod" finished-at="2023-09-11T09:16:27 IST" duration-ms="7869" status="PASS">
          <params>
            <param index="0">
              <value>
                <![CDATA[1]]>
              </value>
            </param>
          </params>
          <reporter-output>
          </reporter-output>
        </test-method> <!-- beforeMethod -->
        <test-method signature="paymentDetailsTC003()[pri:0, instance:Pkg.Test.AddProductIntoCart@27c04377]" started-at="2023-09-11T09:16:27 IST" name="paymentDetailsTC003" description="Verify that the user is able to fill in the mandatory information for the payment process" finished-at="2023-09-11T09:17:15 IST" duration-ms="48388" status="PASS">
          <reporter-output>
          </reporter-output>
        </test-method> <!-- paymentDetailsTC003 -->
        <test-method is-config="true" signature="closeWindow(org.testng.ITestResult)[pri:0, instance:Pkg.Test.AddProductIntoCart@27c04377]" started-at="2023-09-11T09:17:15 IST" name="closeWindow" finished-at="2023-09-11T09:17:16 IST" duration-ms="1006" status="PASS">
          <params>
            <param index="0">
              <value>
                <![CDATA[[TestResult name=paymentDetailsTC003 status=SUCCESS method=AddProductIntoCart.paymentDetailsTC003()[pri:0, instance:Pkg.Test.AddProductIntoCart@27c04377] output={null}]]]>
              </value>
            </param>
          </params>
          <reporter-output>
          </reporter-output>
        </test-method> <!-- closeWindow -->
        <test-method is-config="true" signature="beforeMethod(java.lang.String)[pri:0, instance:Pkg.Test.AddProductIntoCart@27c04377]" started-at="2023-09-11T09:17:16 IST" name="beforeMethod" finished-at="2023-09-11T09:17:26 IST" duration-ms="9504" status="PASS">
          <params>
            <param index="0">
              <value>
                <![CDATA[1]]>
              </value>
            </param>
          </params>
          <reporter-output>
          </reporter-output>
        </test-method> <!-- beforeMethod -->
        <test-method signature="productCartTC001()[pri:0, instance:Pkg.Test.AddProductIntoCart@27c04377]" started-at="2023-09-11T09:17:26 IST" name="productCartTC001" description="Verify whether the user can add the product to the cart and proceed to checkout using PayPal." finished-at="2023-09-11T09:18:16 IST" duration-ms="50224" status="PASS">
          <reporter-output>
          </reporter-output>
        </test-method> <!-- productCartTC001 -->
        <test-method is-config="true" signature="closeWindow(org.testng.ITestResult)[pri:0, instance:Pkg.Test.AddProductIntoCart@27c04377]" started-at="2023-09-11T09:18:16 IST" name="closeWindow" finished-at="2023-09-11T09:18:17 IST" duration-ms="955" status="PASS">
          <params>
            <param index="0">
              <value>
                <![CDATA[[TestResult name=productCartTC001 status=SUCCESS method=AddProductIntoCart.productCartTC001()[pri:0, instance:Pkg.Test.AddProductIntoCart@27c04377] output={null}]]]>
              </value>
            </param>
          </params>
          <reporter-output>
          </reporter-output>
        </test-method> <!-- closeWindow -->
        <test-method is-config="true" signature="beforeMethod(java.lang.String)[pri:0, instance:Pkg.Test.AddProductIntoCart@27c04377]" started-at="2023-09-11T09:18:17 IST" name="beforeMethod" finished-at="2023-09-11T09:18:29 IST" duration-ms="11881" status="PASS">
          <params>
            <param index="0">
              <value>
                <![CDATA[1]]>
              </value>
            </param>
          </params>
          <reporter-output>
          </reporter-output>
        </test-method> <!-- beforeMethod -->
        <test-method signature="productWithPackSize()[pri:0, instance:Pkg.Test.AddProductIntoCart@27c04377]" started-at="2023-09-11T09:18:29 IST" name="productWithPackSize" description="Verify that the user should be able to add the product with the &#039;Select a Pack Size&#039; option, and if the product is &#039;out of stock,&#039; then the user should be able to select another pack size" finished-at="2023-09-11T09:19:17 IST" duration-ms="48503" status="PASS">
          <reporter-output>
          </reporter-output>
        </test-method> <!-- productWithPackSize -->
        <test-method is-config="true" signature="closeWindow(org.testng.ITestResult)[pri:0, instance:Pkg.Test.AddProductIntoCart@27c04377]" started-at="2023-09-11T09:19:17 IST" name="closeWindow" finished-at="2023-09-11T09:19:18 IST" duration-ms="744" status="PASS">
          <params>
            <param index="0">
              <value>
                <![CDATA[[TestResult name=productWithPackSize status=SUCCESS method=AddProductIntoCart.productWithPackSize()[pri:0, instance:Pkg.Test.AddProductIntoCart@27c04377] output={null}]]]>
              </value>
            </param>
          </params>
          <reporter-output>
          </reporter-output>
        </test-method> <!-- closeWindow -->
        <test-method is-config="true" signature="beforeMethod(java.lang.String)[pri:0, instance:Pkg.Test.AddProductIntoCart@27c04377]" started-at="2023-09-11T09:19:18 IST" name="beforeMethod" finished-at="2023-09-11T09:19:26 IST" duration-ms="7556" status="PASS">
          <params>
            <param index="0">
              <value>
                <![CDATA[1]]>
              </value>
            </param>
          </params>
          <reporter-output>
          </reporter-output>
        </test-method> <!-- beforeMethod -->
        <test-method signature="updateQuatity()[pri:0, instance:Pkg.Test.AddProductIntoCart@27c04377]" started-at="2023-09-11T09:19:26 IST" name="updateQuatity" description="Verify that the user should be able to change/update the product quantity from the &#039;YOUR CART&#039;." finished-at="2023-09-11T09:20:01 IST" duration-ms="35527" status="PASS">
          <reporter-output>
          </reporter-output>
        </test-method> <!-- updateQuatity -->
        <test-method is-config="true" signature="closeWindow(org.testng.ITestResult)[pri:0, instance:Pkg.Test.AddProductIntoCart@27c04377]" started-at="2023-09-11T09:20:01 IST" name="closeWindow" finished-at="2023-09-11T09:20:02 IST" duration-ms="948" status="PASS">
          <params>
            <param index="0">
              <value>
                <![CDATA[[TestResult name=updateQuatity status=SUCCESS method=AddProductIntoCart.updateQuatity()[pri:0, instance:Pkg.Test.AddProductIntoCart@27c04377] output={null}]]]>
              </value>
            </param>
          </params>
          <reporter-output>
          </reporter-output>
        </test-method> <!-- closeWindow -->
        <test-method is-config="true" signature="beforeMethod(java.lang.String)[pri:0, instance:Pkg.Test.AddProductIntoCart@27c04377]" started-at="2023-09-11T09:20:02 IST" name="beforeMethod" finished-at="2023-09-11T09:20:11 IST" duration-ms="8715" status="PASS">
          <params>
            <param index="0">
              <value>
                <![CDATA[1]]>
              </value>
            </param>
          </params>
          <reporter-output>
          </reporter-output>
        </test-method> <!-- beforeMethod -->
        <test-method signature="yourCartProductTC002()[pri:0, instance:Pkg.Test.AddProductIntoCart@27c04377]" started-at="2023-09-11T09:20:11 IST" name="yourCartProductTC002" description="Verify that the user is able to see the product on the &#039;YOUR CART&#039; page after adding it to the cart" finished-at="2023-09-11T09:20:41 IST" duration-ms="30378" status="PASS">
          <reporter-output>
          </reporter-output>
        </test-method> <!-- yourCartProductTC002 -->
        <test-method is-config="true" signature="closeWindow(org.testng.ITestResult)[pri:0, instance:Pkg.Test.AddProductIntoCart@27c04377]" started-at="2023-09-11T09:20:41 IST" name="closeWindow" finished-at="2023-09-11T09:20:42 IST" duration-ms="1111" status="PASS">
          <params>
            <param index="0">
              <value>
                <![CDATA[[TestResult name=yourCartProductTC002 status=SUCCESS method=AddProductIntoCart.yourCartProductTC002()[pri:0, instance:Pkg.Test.AddProductIntoCart@27c04377] output={null}]]]>
              </value>
            </param>
          </params>
          <reporter-output>
          </reporter-output>
        </test-method> <!-- closeWindow -->
        <test-method is-config="true" signature="logout()[pri:0, instance:Pkg.Test.AddProductIntoCart@27c04377]" started-at="2023-09-11T09:20:42 IST" name="logout" finished-at="2023-09-11T09:20:42 IST" duration-ms="1" status="PASS">
          <reporter-output>
          </reporter-output>
        </test-method> <!-- logout -->
      </class> <!-- Pkg.Test.AddProductIntoCart -->
    </test> <!-- Test -->
  </suite> <!-- Suite -->
</testng-results>
